e.cpp: In function 'int main()':
e.cpp:106:14: error: no match for 'operator[]' (operand types are 'bool [41][41]' and '__gnu_cxx::__alloc_traits<std::allocator<std::basic_string<char> > >::value_type {aka std::basic_string<char>}')
           Bad[v[i]][v[j]] = 1;
              ^
e.cpp:111:22: error: invalid user-defined conversion from 'int' to 'std::vector<std::basic_string<char> >::value_type&& {aka std::basic_string<char>&&}' [-fpermissive]
       v.pb(getid(name));
                      ^
In file included from C:/Program Files (x86)/Dev-Cpp/MinGW64/lib/gcc/x86_64-w64-mingw32/4.9.2/include/c++/string:52:0,
                 from C:/Program Files (x86)/Dev-Cpp/MinGW64/lib/gcc/x86_64-w64-mingw32/4.9.2/include/c++/bits/locale_classes.h:40,
                 from C:/Program Files (x86)/Dev-Cpp/MinGW64/lib/gcc/x86_64-w64-mingw32/4.9.2/include/c++/bits/ios_base.h:41,
                 from C:/Program Files (x86)/Dev-Cpp/MinGW64/lib/gcc/x86_64-w64-mingw32/4.9.2/include/c++/ios:42,
                 from C:/Program Files (x86)/Dev-Cpp/MinGW64/lib/gcc/x86_64-w64-mingw32/4.9.2/include/c++/istream:38,
                 from C:/Program Files (x86)/Dev-Cpp/MinGW64/lib/gcc/x86_64-w64-mingw32/4.9.2/include/c++/sstream:38,
                 from C:/Program Files (x86)/Dev-Cpp/MinGW64/lib/gcc/x86_64-w64-mingw32/4.9.2/include/c++/complex:45,
                 from C:/Program Files (x86)/Dev-Cpp/MinGW64/lib/gcc/x86_64-w64-mingw32/4.9.2/include/c++/ccomplex:38,
                 from C:/Program Files (x86)/Dev-Cpp/MinGW64/lib/gcc/x86_64-w64-mingw32/4.9.2/include/c++/x86_64-w64-mingw32/bits/stdc++.h:52,
                 from e.cpp:2:
C:/Program Files (x86)/Dev-Cpp/MinGW64/lib/gcc/x86_64-w64-mingw32/4.9.2/include/c++/bits/basic_string.h:495:7: note: candidate is: std::basic_string<_CharT, _Traits, _Alloc>::basic_string(const _CharT*, const _Alloc&) [with _CharT = char; _Traits = std::char_traits<char>; _Alloc = std::allocator<char>] <near match>
       basic_string(const _CharT* __s, const _Alloc& __a = _Alloc());
       ^
C:/Program Files (x86)/Dev-Cpp/MinGW64/lib/gcc/x86_64-w64-mingw32/4.9.2/include/c++/bits/basic_string.h:495:7: note:   no known conversion for argument 1 from 'int' to 'const char*'
e.cpp:111:22: error: invalid conversion from 'int' to 'const char*' [-fpermissive]
       v.pb(getid(name));
                      ^
In file included from C:/Program Files (x86)/Dev-Cpp/MinGW64/lib/gcc/x86_64-w64-mingw32/4.9.2/include/c++/string:52:0,
                 from C:/Program Files (x86)/Dev-Cpp/MinGW64/lib/gcc/x86_64-w64-mingw32/4.9.2/include/c++/bits/locale_classes.h:40,
                 from C:/Program Files (x86)/Dev-Cpp/MinGW64/lib/gcc/x86_64-w64-mingw32/4.9.2/include/c++/bits/ios_base.h:41,
                 from C:/Program Files (x86)/Dev-Cpp/MinGW64/lib/gcc/x86_64-w64-mingw32/4.9.2/include/c++/ios:42,
                 from C:/Program Files (x86)/Dev-Cpp/MinGW64/lib/gcc/x86_64-w64-mingw32/4.9.2/include/c++/istream:38,
                 from C:/Program Files (x86)/Dev-Cpp/MinGW64/lib/gcc/x86_64-w64-mingw32/4.9.2/include/c++/sstream:38,
                 from C:/Program Files (x86)/Dev-Cpp/MinGW64/lib/gcc/x86_64-w64-mingw32/4.9.2/include/c++/complex:45,
                 from C:/Program Files (x86)/Dev-Cpp/MinGW64/lib/gcc/x86_64-w64-mingw32/4.9.2/include/c++/ccomplex:38,
                 from C:/Program Files (x86)/Dev-Cpp/MinGW64/lib/gcc/x86_64-w64-mingw32/4.9.2/include/c++/x86_64-w64-mingw32/bits/stdc++.h:52,
                 from e.cpp:2:
C:/Program Files (x86)/Dev-Cpp/MinGW64/lib/gcc/x86_64-w64-mingw32/4.9.2/include/c++/bits/basic_string.h:495:7: note: initializing argument 1 of 'std::basic_string<_CharT, _Traits, _Alloc>::basic_string(const _CharT*, const _Alloc&) [with _CharT = char; _Traits = std::char_traits<char>; _Alloc = std::allocator<char>]'
       basic_string(const _CharT* __s, const _Alloc& __a = _Alloc());
       ^
e.cpp:111:23: error: conversion to non-const reference type 'std::vector<std::basic_string<char> >::value_type&& {aka class std::basic_string<char>&&}' from rvalue of type 'std::basic_string<char>' [-fpermissive]
       v.pb(getid(name));
                       ^
